# JRE version: Java(TM) SE Runtime Environment (21.0.1+12) (build 21.0.1+12-LTS-29)
# Java VM: Java HotSpot(TM) 64-Bit Server VM (21.0.1+12-LTS-29, mixed mode, sharing, tiered, compressed oops, compressed class ptrs, g1 gc, linux-amd64)
Heap:
 garbage-first heap   total 86016K, used 42537K [0x000000070fc00000, 0x0000000800000000)
  region size 2048K, 6 young (12288K), 2 survivors (4096K)
 Metaspace       used 59308K, committed 59904K, reserved 1114112K
  class space    used 7299K, committed 7552K, reserved 1048576K
GC Heap History (20 events):
Event: 0.597 GC heap before
{Heap before GC invocations=1 (full 0):
 garbage-first heap   total 249856K, used 36185K [0x000000070fc00000, 0x0000000800000000)
  region size 2048K, 16 young (32768K), 2 survivors (4096K)
 Metaspace       used 14211K, committed 14400K, reserved 1114112K
  class space    used 1699K, committed 1792K, reserved 1048576K
}
Event: 0.600 GC heap after
{Heap after GC invocations=2 (full 0):
 garbage-first heap   total 249856K, used 9663K [0x000000070fc00000, 0x0000000800000000)
  region size 2048K, 1 young (2048K), 1 survivors (2048K)
 Metaspace       used 14211K, committed 14400K, reserved 1114112K
  class space    used 1699K, committed 1792K, reserved 1048576K
}
Event: 0.970 GC heap before
{Heap before GC invocations=2 (full 0):
 garbage-first heap   total 249856K, used 58815K [0x000000070fc00000, 0x0000000800000000)
  region size 2048K, 26 young (53248K), 1 survivors (2048K)
 Metaspace       used 21209K, committed 21504K, reserved 1114112K
  class space    used 2511K, committed 2624K, reserved 1048576K
}
Event: 0.973 GC heap after
{Heap after GC invocations=3 (full 0):
 garbage-first heap   total 249856K, used 12928K [0x000000070fc00000, 0x0000000800000000)
  region size 2048K, 3 young (6144K), 3 survivors (6144K)
 Metaspace       used 21209K, committed 21504K, reserved 1114112K
  class space    used 2511K, committed 2624K, reserved 1048576K
}
Event: 1.379 GC heap before
{Heap before GC invocations=4 (full 0):
 garbage-first heap   total 61440K, used 57984K [0x000000070fc00000, 0x0000000800000000)
  region size 2048K, 25 young (51200K), 3 survivors (6144K)
 Metaspace       used 29031K, committed 29312K, reserved 1114112K
  class space    used 3535K, committed 3648K, reserved 1048576K
}
Event: 1.385 GC heap after
{Heap after GC invocations=5 (full 0):
 garbage-first heap   total 71680K, used 16978K [0x000000070fc00000, 0x0000000800000000)
  region size 2048K, 5 young (10240K), 5 survivors (10240K)
 Metaspace       used 29031K, committed 29312K, reserved 1114112K
  class space    used 3535K, committed 3648K, reserved 1048576K
}
Event: 1.584 GC heap before
{Heap before GC invocations=5 (full 0):
 garbage-first heap   total 71680K, used 49746K [0x000000070fc00000, 0x0000000800000000)
  region size 2048K, 21 young (43008K), 5 survivors (10240K)
 Metaspace       used 32174K, committed 32640K, reserved 1114112K
  class space    used 3962K, committed 4160K, reserved 1048576K
}
Event: 1.592 GC heap after
{Heap after GC invocations=6 (full 0):
 garbage-first heap   total 71680K, used 18169K [0x000000070fc00000, 0x0000000800000000)
  region size 2048K, 1 young (2048K), 1 survivors (2048K)
 Metaspace       used 32174K, committed 32640K, reserved 1114112K
  class space    used 3962K, committed 4160K, reserved 1048576K
}
Event: 1.796 GC heap before
{Heap before GC invocations=6 (full 0):
 garbage-first heap   total 71680K, used 50937K [0x000000070fc00000, 0x0000000800000000)
  region size 2048K, 19 young (38912K), 1 survivors (2048K)
 Metaspace       used 35606K, committed 35968K, reserved 1114112K
  class space    used 4402K, committed 4544K, reserved 1048576K
}
Event: 1.802 GC heap after
{Heap after GC invocations=7 (full 0):
 garbage-first heap   total 86016K, used 22911K [0x000000070fc00000, 0x0000000800000000)
  region size 2048K, 3 young (6144K), 3 survivors (6144K)
 Metaspace       used 35606K, committed 35968K, reserved 1114112K
  class space    used 4402K, committed 4544K, reserved 1048576K
}
Event: 2.398 GC heap before
{Heap before GC invocations=8 (full 0):
 garbage-first heap   total 86016K, used 67967K [0x000000070fc00000, 0x0000000800000000)
  region size 2048K, 25 young (51200K), 3 survivors (6144K)
 Metaspace       used 43059K, committed 43520K, reserved 1114112K
  class space    used 5547K, committed 5760K, reserved 1048576K
}
Event: 2.404 GC heap after
{Heap after GC invocations=9 (full 0):
 garbage-first heap   total 86016K, used 27557K [0x000000070fc00000, 0x0000000800000000)
  region size 2048K, 3 young (6144K), 3 survivors (6144K)
 Metaspace       used 43059K, committed 43520K, reserved 1114112K
  class space    used 5547K, committed 5760K, reserved 1048576K
}
Event: 2.726 GC heap before
{Heap before GC invocations=9 (full 0):
 garbage-first heap   total 86016K, used 66469K [0x000000070fc00000, 0x0000000800000000)
  region size 2048K, 23 young (47104K), 3 survivors (6144K)
 Metaspace       used 49269K, committed 49792K, reserved 1114112K
  class space    used 6307K, committed 6528K, reserved 1048576K
}
Event: 2.733 GC heap after
{Heap after GC invocations=10 (full 0):
 garbage-first heap   total 86016K, used 32392K [0x000000070fc00000, 0x0000000800000000)
  region size 2048K, 3 young (6144K), 3 survivors (6144K)
 Metaspace       used 49269K, committed 49792K, reserved 1114112K
  class space    used 6307K, committed 6528K, reserved 1048576K
}
Event: 1639.848 GC heap before
{Heap before GC invocations=10 (full 0):
 garbage-first heap   total 86016K, used 67208K [0x000000070fc00000, 0x0000000800000000)
  region size 2048K, 21 young (43008K), 3 survivors (6144K)
 Metaspace       used 56074K, committed 56704K, reserved 1114112K
  class space    used 7214K, committed 7488K, reserved 1048576K
}
Event: 1639.850 GC heap after
{Heap after GC invocations=11 (full 0):
 garbage-first heap   total 86016K, used 34807K [0x000000070fc00000, 0x0000000800000000)
  region size 2048K, 2 young (4096K), 2 survivors (4096K)
 Metaspace       used 56074K, committed 56704K, reserved 1114112K
  class space    used 7214K, committed 7488K, reserved 1048576K
}
Event: 3934.839 GC heap before
{Heap before GC invocations=11 (full 0):
 garbage-first heap   total 86016K, used 71671K [0x000000070fc00000, 0x0000000800000000)
  region size 2048K, 20 young (40960K), 2 survivors (4096K)
 Metaspace       used 58162K, committed 58752K, reserved 1114112K
  class space    used 7287K, committed 7552K, reserved 1048576K
}
Event: 3934.842 GC heap after
{Heap after GC invocations=12 (full 0):
 garbage-first heap   total 86016K, used 35622K [0x000000070fc00000, 0x0000000800000000)
  region size 2048K, 2 young (4096K), 2 survivors (4096K)
 Metaspace       used 58162K, committed 58752K, reserved 1114112K
  class space    used 7287K, committed 7552K, reserved 1048576K
}
Event: 5041.951 GC heap before
{Heap before GC invocations=12 (full 0):
 garbage-first heap   total 86016K, used 74534K [0x000000070fc00000, 0x0000000800000000)
  region size 2048K, 21 young (43008K), 2 survivors (4096K)
 Metaspace       used 59247K, committed 59840K, reserved 1114112K
  class space    used 7298K, committed 7552K, reserved 1048576K
}
Event: 5041.958 GC heap after
{Heap after GC invocations=13 (full 0):
 garbage-first heap   total 86016K, used 36181K [0x000000070fc00000, 0x0000000800000000)
  region size 2048K, 2 young (4096K), 2 survivors (4096K)
 Metaspace       used 59247K, committed 59840K, reserved 1114112K
  class space    used 7298K, committed 7552K, reserved 1048576K
}

